#
# There is insufficient memory for the Java Runtime Environment to continue.
# Native memory allocation (mmap) failed to map 534773760 bytes for Failed to commit area from 0x0000000603c00000 to 0x0000000623a00000 of length 534773760.
# Possible reasons:
#   The system is out of physical RAM or swap space
#   The process is running with CompressedOops enabled, and the Java Heap may be blocking the growth of the native heap
# Possible solutions:
#   Reduce memory load on the system
#   Increase physical memory or swap space
#   Check if swap backing store is full
#   Decrease Java heap size (-Xmx/-Xms)
#   Decrease number of Java threads
#   Decrease Java thread stack sizes (-Xss)
#   Set larger code cache with -XX:ReservedCodeCacheSize=
# This output file may be truncated or incomplete.
#
#  Out of Memory Error (./src/hotspot/os/windows/os_windows.cpp:3619), pid=27412, tid=14580
#
# JRE version:  (11.0.13) (build )
# Java VM: OpenJDK 64-Bit Server VM (11.0.13+0-b1751.21-8125866, mixed mode, sharing, tiered, compressed oops, g1 gc, windows-amd64)
# No core dump will be written. Minidumps are not enabled by default on client versions of Windows
#

---------------  S U M M A R Y ------------

Command Line: git4idea.http.GitAskPassApp Username for 'https://github.com': 

Host: 12th Gen Intel(R) Core(TM) i7-12700F, 20 cores, 31G,  Windows 11 , 64 bit Build 22000 (10.0.22000.2360)
Time: Tue Oct  3 19:22:35 2023 대한민국 표준시 elapsed time: 0.005184 seconds (0d 0h 0m 0s)

---------------  T H R E A D  ---------------

Current thread (0x000002a9b0130000):  JavaThread "Unknown thread" [_thread_in_vm, id=14580, stack(0x000000e939d00000,0x000000e939e00000)]

Stack: [0x000000e939d00000,0x000000e939e00000]
Native frames: (J=compiled Java code, j=interpreted, Vv=VM code, C=native code)
V  [jvm.dll+0x6100fa]
V  [jvm.dll+0x747090]
V  [jvm.dll+0x7486ad]
V  [jvm.dll+0x748d83]
V  [jvm.dll+0x24ab48]
V  [jvm.dll+0x60d164]
V  [jvm.dll+0x601e75]
V  [jvm.dll+0x308bdb]
V  [jvm.dll+0x308b4a]
V  [jvm.dll+0x308a22]
V  [jvm.dll+0x30d986]
V  [jvm.dll+0x357093]
V  [jvm.dll+0x357796]
V  [jvm.dll+0x357193]
V  [jvm.dll+0x2e3448]
V  [jvm.dll+0x2e45f7]
V  [jvm.dll+0x7242e7]
V  [jvm.dll+0x725adc]
V  [jvm.dll+0x364629]
V  [jvm.dll+0x707cee]
V  [jvm.dll+0x3d2633]
V  [jvm.dll+0x3d4a21]
C  [jli.dll+0x536b]
C  [ucrtbase.dll+0x26c0c]
C  [KERNEL32.DLL+0x153e0]
C  [ntdll.dll+0x485b]


---------------  P R O C E S S  ---------------

Threads class SMR info:
_java_thread_list=0x000002a9add82090, length=0, elements={
}

Java Threads: ( => current thread )

Other Threads:
  0x000002a9b0149800 GCTaskThread "GC Thread#0" [stack: 0x000000e939e00000,0x000000e939f00000] [id=4520]
  0x000002a9b01cd000 ConcurrentGCThread "G1 Main Marker" [stack: 0x000000e939f00000,0x000000e93a000000] [id=11412]
  0x000002a9b01cf000 ConcurrentGCThread "G1 Conc#0" [stack: 0x000000e93a000000,0x000000e93a100000] [id=29516]

[error occurred during error reporting (printing all threads), id 0xc0000005, EXCEPTION_ACCESS_VIOLATION (0xc0000005) at pc=0x00007ffa6bec3dd7]

VM state:not at safepoint (not fully initialized)

VM Mutex/Monitor currently owned by a thread:  ([mutex/lock_event])
[0x000002a9b012c3a0] Heap_lock - owner thread: 0x000002a9b0130000

Heap address: 0x0000000603c00000, size: 8132 MB, Compressed Oops mode: Non-zero based: 0x0000000603c00000
Narrow klass base: 0x0000000000000000, Narrow klass shift: 0

GC Heap History (0 events):
No events

Deoptimization events (0 events):
No events

Classes redefined (0 events):
No events

Internal exceptions (0 events):
No events

Events (1 events):
Event: 0.003 Loaded shared library C:\CookAndroid\android-studio\jre\bin\zip.dll


Dynamic libraries:
0x00007ff79da50000 - 0x00007ff79da5a000 	C:\CookAndroid\android-studio\jre\bin\java.exe
0x00007ffade380000 - 0x00007ffade589000 	C:\Windows\SYSTEM32\ntdll.dll
0x00007ffadd6c0000 - 0x00007ffadd77d000 	C:\Windows\System32\KERNEL32.DLL
0x00007ffadbd20000 - 0x00007ffadc0a4000 	C:\Windows\System32\KERNELBASE.dll
0x00007ffadb8b0000 - 0x00007ffadb9c1000 	C:\Windows\System32\ucrtbase.dll
0x00007ffa9e9e0000 - 0x00007ffa9e9f9000 	C:\CookAndroid\android-studio\jre\bin\jli.dll
0x00007ffa9d380000 - 0x00007ffa9d397000 	C:\CookAndroid\android-studio\jre\bin\VCRUNTIME140.dll
0x00007ffadc460000 - 0x00007ffadc60d000 	C:\Windows\System32\USER32.dll
0x00007ffad1500000 - 0x00007ffad17a5000 	C:\Windows\WinSxS\amd64_microsoft.windows.common-controls_6595b64144ccf1df_6.0.22000.120_none_9d947278b86cc467\COMCTL32.dll
0x00007ffadbbc0000 - 0x00007ffadbbe6000 	C:\Windows\System32\win32u.dll
0x00007ffadd0d0000 - 0x00007ffadd173000 	C:\Windows\System32\msvcrt.dll
0x00007ffadd0a0000 - 0x00007ffadd0ca000 	C:\Windows\System32\GDI32.dll
0x00007ffadc0b0000 - 0x00007ffadc1ce000 	C:\Windows\System32\gdi32full.dll
0x00007ffadb810000 - 0x00007ffadb8ad000 	C:\Windows\System32\msvcp_win.dll
0x00007ffade230000 - 0x00007ffade261000 	C:\Windows\System32\IMM32.DLL
0x00007ffa6ce50000 - 0x00007ffa6ceed000 	C:\CookAndroid\android-studio\jre\bin\msvcp140.dll
0x00007ffa6bbd0000 - 0x00007ffa6c6d2000 	C:\CookAndroid\android-studio\jre\bin\server\jvm.dll
0x00007ffadce10000 - 0x00007ffadcebe000 	C:\Windows\System32\ADVAPI32.dll
0x00007ffadda90000 - 0x00007ffaddb2e000 	C:\Windows\System32\sechost.dll
0x00007ffadd590000 - 0x00007ffadd6b1000 	C:\Windows\System32\RPCRT4.dll
0x00007ffadd1f0000 - 0x00007ffadd1f8000 	C:\Windows\System32\PSAPI.DLL
0x00007ffaca310000 - 0x00007ffaca343000 	C:\Windows\SYSTEM32\WINMM.dll
0x00007ffad54b0000 - 0x00007ffad54b9000 	C:\Windows\SYSTEM32\WSOCK32.dll
0x00007ffade2d0000 - 0x00007ffade33f000 	C:\Windows\System32\WS2_32.dll
0x00007ffad61d0000 - 0x00007ffad61da000 	C:\Windows\SYSTEM32\VERSION.dll
0x00007ffada970000 - 0x00007ffada988000 	C:\Windows\SYSTEM32\kernel.appcore.dll
0x00007ffad6710000 - 0x00007ffad6721000 	C:\CookAndroid\android-studio\jre\bin\verify.dll
0x00007ffad9200000 - 0x00007ffad9421000 	C:\Windows\SYSTEM32\DBGHELP.DLL
0x00007ffad0640000 - 0x00007ffad0671000 	C:\Windows\SYSTEM32\dbgcore.DLL
0x00007ffadb9d0000 - 0x00007ffadba4f000 	C:\Windows\System32\bcryptPrimitives.dll
0x00007ffad3ad0000 - 0x00007ffad3af9000 	C:\CookAndroid\android-studio\jre\bin\java.dll
0x00007ffad8920000 - 0x00007ffad892b000 	C:\CookAndroid\android-studio\jre\bin\jimage.dll
0x00007ffad61b0000 - 0x00007ffad61c8000 	C:\CookAndroid\android-studio\jre\bin\zip.dll

dbghelp: loaded successfully - version: 4.0.5 - missing functions: none
symbol engine: initialized successfully - sym options: 0x614 - pdb path: .;C:\CookAndroid\android-studio\jre\bin;C:\Windows\SYSTEM32;C:\Windows\WinSxS\amd64_microsoft.windows.common-controls_6595b64144ccf1df_6.0.22000.120_none_9d947278b86cc467;C:\CookAndroid\android-studio\jre\bin\server

VM Arguments:
java_command: git4idea.http.GitAskPassApp Username for 'https://github.com': 
java_class_path (initial): C:/CookAndroid/android-studio/plugins/git4idea/lib/git4idea-rt.jar;C:/CookAndroid/android-studio/lib/3rd-party.jar;C:/CookAndroid/android-studio/lib/3rd-party-rt.jar
Launcher Type: SUN_STANDARD

[Global flags]
     intx CICompilerCount                          = 12                                        {product} {ergonomic}
     uint ConcGCThreads                            = 4                                         {product} {ergonomic}
     uint G1ConcRefinementThreads                  = 15                                        {product} {ergonomic}
   size_t G1HeapRegionSize                         = 2097152                                   {product} {ergonomic}
    uintx GCDrainStackTargetSize                   = 64                                        {product} {ergonomic}
   size_t InitialHeapSize                          = 534773760                                 {product} {ergonomic}
   size_t MarkStackSize                            = 4194304                                   {product} {ergonomic}
   size_t MaxHeapSize                              = 8527020032                                {product} {ergonomic}
   size_t MinHeapDeltaBytes                        = 2097152                                   {product} {ergonomic}
    uintx NonNMethodCodeHeapSize                   = 7594288                                {pd product} {ergonomic}
    uintx NonProfiledCodeHeapSize                  = 122031976                              {pd product} {ergonomic}
    uintx ProfiledCodeHeapSize                     = 122031976                              {pd product} {ergonomic}
    uintx ReservedCodeCacheSize                    = 251658240                              {pd product} {ergonomic}
     bool SegmentedCodeCache                       = true                                      {product} {ergonomic}
     bool UseCompressedClassPointers               = true                                 {lp64_product} {ergonomic}
     bool UseCompressedOops                        = true                                 {lp64_product} {ergonomic}
     bool UseG1GC                                  = true                                      {product} {ergonomic}
     bool UseLargePagesIndividualAllocation        = false                                  {pd product} {ergonomic}

Logging:
Log output configuration:
 #0: stdout all=warning uptime,level,tags
 #1: stderr all=off uptime,level,tags

Environment Variables:
PATH=C:\Program Files\Git\mingw64\libexec\git-core;C:\Program Files\Git\mingw64\libexec\git-core;C:\Program Files\Git\mingw64\bin;C:\Program Files\Git\usr\bin;C:\Users\박영신\bin;C:\Program Files\NVIDIA GPU Computing Toolkit\CUDA\v12.2\bin;C:\Program Files\NVIDIA GPU Computing Toolkit\CUDA\v12.2\libnvvp;C:\Windows\system32;C:\Windows;C:\Windows\System32\Wbem;C:\Windows\System32\WindowsPowerShell\v1.0;C:\Windows\System32\OpenSSH;C:\Program Files (x86)\NVIDIA Corporation\PhysX\Common;C:\Program Files\NVIDIA Corporation\NVIDIA NvDLISR;C:\Program Files\NVIDIA Corporation\Nsight Compute 2023.2.0;C:\Program Files\Git\cmd;C:\Users\박영신\AppData\Local\Microsoft\WindowsApps;C:\Program Files\JetBrains\PyCharm Community Edition 2023.1.4\bin;C:\anaconda;C:\anaconda\Library;C:\anaconda\Scripts;C:\Program Files\NVIDIA GPU Computing Toolkit\CUDA\v12.2\bin;C:\Program Files\NVIDIA GPU Computing Toolkit\CUDA\v12.2\include;C:\Program Files\NVIDIA GPU Computing Toolkit\CUDA\v12.2\lib
USERNAME=박영신
DISPLAY=:0.0
LC_ALL=en_US.UTF-8
OS=Windows_NT
PROCESSOR_IDENTIFIER=Intel64 Family 6 Model 151 Stepping 2, GenuineIntel



---------------  S Y S T E M  ---------------

OS: Windows 11 , 64 bit Build 22000 (10.0.22000.2360)
OS uptime: 15 days 7:44 hours

CPU:total 20 (initial active 20) (10 cores per cpu, 2 threads per core) family 6 model 151 stepping 2 microcode 0x26, cmov, cx8, fxsr, mmx, sse, sse2, sse3, ssse3, sse4.1, sse4.2, popcnt, avx, avx2, aes, clmul, erms, 3dnowpref, lzcnt, ht, tsc, tscinvbit, bmi1, bmi2, adx, sha, fma

Memory: 4k page, system-wide physical 32523M (14384M free)
TotalPageFile size 92735M (AvailPageFile size 322M)
current process WorkingSet (physical memory assigned to process): 10M, peak: 10M
current process commit charge ("private bytes"): 76M, peak: 585M

vm_info: OpenJDK 64-Bit Server VM (11.0.13+0-b1751.21-8125866) for windows-amd64 JRE (11.0.13+0-b1751.21-8125866), built on Feb  2 2022 03:00:22 by "builder" with MS VC++ 14.0 (VS2015)

END.
